<?xml version="1.0" encoding="UTF-8"?>
<testsuite xmlns:xsi="http://www.w3.org/2001/XMLSchema-instance" xsi:noNamespaceSchemaLocation="https://maven.apache.org/surefire/maven-surefire-plugin/xsd/surefire-test-report.xsd" name="edu.baylor.ecs.csi3471.modelTest.ProfileTest" time="0.031" tests="9" errors="0" skipped="0" failures="0">
  <properties>
[...]
</properties>
  <testcase name="notSameLast" classname="edu.baylor.ecs.csi3471.modelTest.ProfileTest" time="0.015"/>
  <testcase name="notSamePass" classname="edu.baylor.ecs.csi3471.modelTest.ProfileTest" time="0"/>
  <testcase name="notSameUser" classname="edu.baylor.ecs.csi3471.modelTest.ProfileTest" time="0.001"/>
  <testcase name="testFirst" classname="edu.baylor.ecs.csi3471.modelTest.ProfileTest" time="0.001"/>
  <testcase name="testLast" classname="edu.baylor.ecs.csi3471.modelTest.ProfileTest" time="0.001"/>
  <testcase name="testPass" classname="edu.baylor.ecs.csi3471.modelTest.ProfileTest" time="0.001"/>
  <testcase name="testUser" classname="edu.baylor.ecs.csi3471.modelTest.ProfileTest" time="0.001"/>
  <testcase name="insertProfile" classname="edu.baylor.ecs.csi3471.modelTest.ProfileTest" time="0.001"/>
  <testcase name="notSameFirst" classname="edu.baylor.ecs.csi3471.modelTest.ProfileTest" time="0.001"/>
</testsuite>